[33m[01m[05m[ You are changing the branch: lab0-Extra ][0m
Autotest: Begin at Thu Mar 17 14:34:17 CST 2022
sed: -e expression #1, char 10: unterminated `s' command
[32m[ You have passed testcase 1/10. ][0m
sed: -e expression #1, char 10: unterminated `s' command
Files /home/git/ostest/target/20231198/lab0-Extra-2022-03-17T14:34:17+08:00-T48oZ/result.txt and /home/git/ostest/target/20231198/lab0-Extra-2022-03-17T14:34:17+08:00-T48oZ/result_ans.txt differ
[31m[01m[ You have not passed testcase 2/10. ][0m
sed: -e expression #1, char 10: unterminated `s' command
Files /home/git/ostest/target/20231198/lab0-Extra-2022-03-17T14:34:17+08:00-T48oZ/result.txt and /home/git/ostest/target/20231198/lab0-Extra-2022-03-17T14:34:17+08:00-T48oZ/result_ans.txt differ
[31m[01m[ You have not passed testcase 3/10. ][0m
sed: -e expression #1, char 10: unterminated `s' command
Files /home/git/ostest/target/20231198/lab0-Extra-2022-03-17T14:34:17+08:00-T48oZ/result.txt and /home/git/ostest/target/20231198/lab0-Extra-2022-03-17T14:34:17+08:00-T48oZ/result_ans.txt differ
[31m[01m[ You have not passed testcase 4/10. ][0m
sed: -e expression #1, char 10: unterminated `s' command
Files /home/git/ostest/target/20231198/lab0-Extra-2022-03-17T14:34:17+08:00-T48oZ/result.txt and /home/git/ostest/target/20231198/lab0-Extra-2022-03-17T14:34:17+08:00-T48oZ/result_ans.txt differ
[31m[01m[ You have not passed testcase 5/10. ][0m
sed: -e expression #1, char 10: unterminated `s' command
Files /home/git/ostest/target/20231198/lab0-Extra-2022-03-17T14:34:17+08:00-T48oZ/result.txt and /home/git/ostest/target/20231198/lab0-Extra-2022-03-17T14:34:17+08:00-T48oZ/result_ans.txt differ
[31m[01m[ You have not passed testcase 6/10. ][0m
sed: -e expression #1, char 10: unterminated `s' command
Files /home/git/ostest/target/20231198/lab0-Extra-2022-03-17T14:34:17+08:00-T48oZ/result.txt and /home/git/ostest/target/20231198/lab0-Extra-2022-03-17T14:34:17+08:00-T48oZ/result_ans.txt differ
[31m[01m[ You have not passed testcase 7/10. ][0m
sed: -e expression #1, char 10: unterminated `s' command
Files /home/git/ostest/target/20231198/lab0-Extra-2022-03-17T14:34:17+08:00-T48oZ/result.txt and /home/git/ostest/target/20231198/lab0-Extra-2022-03-17T14:34:17+08:00-T48oZ/result_ans.txt differ
[31m[01m[ You have not passed testcase 8/10. ][0m
sed: -e expression #1, char 10: unterminated `s' command
Files /home/git/ostest/target/20231198/lab0-Extra-2022-03-17T14:34:17+08:00-T48oZ/result.txt and /home/git/ostest/target/20231198/lab0-Extra-2022-03-17T14:34:17+08:00-T48oZ/result_ans.txt differ
[31m[01m[ You have not passed testcase 9/10. ][0m
sed: -e expression #1, char 10: unterminated `s' command
Files /home/git/ostest/target/20231198/lab0-Extra-2022-03-17T14:34:17+08:00-T48oZ/result.txt and /home/git/ostest/target/20231198/lab0-Extra-2022-03-17T14:34:17+08:00-T48oZ/result_ans.txt differ
[31m[01m[ You have not passed testcase 10/10. ][0m
[33m[01m[ You got 10 (of 100) this time. Thu Mar 17 14:35:56 CST 2022 ][0m
Autotest: End at Thu Mar 17 14:35:56 CST 2022
