[33m[01m[05m[ You are changing the branch: lab2-2-exam ][0m
Autotest: Begin at Thu Apr 21 16:28:15 CST 2022
Begin build at Thu Apr 21 16:28:15 CST 2022
Cleanning the project.................

for d in boot drivers init lib mm;	\
	do					\
		make --directory=$d clean; \
	done; \
rm -rf *.o *~ gxemul/vmlinux
make[1]: Entering directory '/usr/src/workdir/boot'
rm -rf *~ *.o
make[1]: Leaving directory '/usr/src/workdir/boot'
make[1]: Entering directory '/usr/src/workdir/drivers'
for d in gxconsole; \
	do				\
		make --directory=$d clean; \
	done
make[2]: Entering directory '/usr/src/workdir/drivers/gxconsole'
rm -rf *.o *~
make[2]: Leaving directory '/usr/src/workdir/drivers/gxconsole'
make[1]: Leaving directory '/usr/src/workdir/drivers'
make[1]: Entering directory '/usr/src/workdir/init'
rm -rf *~ *.o
make[1]: Leaving directory '/usr/src/workdir/init'
make[1]: Entering directory '/usr/src/workdir/lib'
rm -rf *~ *.o
make[1]: Leaving directory '/usr/src/workdir/lib'
make[1]: Entering directory '/usr/src/workdir/mm'
rm -rf *~ *.o
make[1]: Leaving directory '/usr/src/workdir/mm'

Building the project..................

make --directory=boot
make[1]: Entering directory '/usr/src/workdir/boot'
/OSLAB/compiler/usr/bin/mips_4KC-gcc -mips2 -O -G 0 -mno-abicalls -fno-builtin -Wa,-xgot -Wall -fPIC -I../include/ -c start.S 
make[1]: Leaving directory '/usr/src/workdir/boot'
make --directory=drivers
make[1]: Entering directory '/usr/src/workdir/drivers'
make --directory=gxconsole
make[2]: Entering directory '/usr/src/workdir/drivers/gxconsole'
/OSLAB/compiler/usr/bin/mips_4KC-gcc -mips2 -O -G 0 -mno-abicalls -fno-builtin -Wa,-xgot -Wall -fPIC   -c -o console.o console.c
make[2]: Leaving directory '/usr/src/workdir/drivers/gxconsole'
make[1]: Leaving directory '/usr/src/workdir/drivers'
make --directory=init
make[1]: Entering directory '/usr/src/workdir/init'
/OSLAB/compiler/usr/bin/mips_4KC-gcc -mips2 -O -G 0 -mno-abicalls -fno-builtin -Wa,-xgot -Wall -fPIC -I../include -c init.c
init.c: In function 'inverted_page_lookup_test':
init.c:68: warning: suggest parentheses around + or - inside shift
/OSLAB/compiler/usr/bin/mips_4KC-gcc -mips2 -O -G 0 -mno-abicalls -fno-builtin -Wa,-xgot -Wall -fPIC -I../include -c main.c
make[1]: Leaving directory '/usr/src/workdir/init'
make --directory=lib
make[1]: Entering directory '/usr/src/workdir/lib'
/OSLAB/compiler/usr/bin/mips_4KC-gcc -mips2 -O -G 0 -mno-abicalls -fno-builtin -Wa,-xgot -Wall -fPIC -I./ -I../ -I../include/ -c print.c
/OSLAB/compiler/usr/bin/mips_4KC-gcc -mips2 -O -G 0 -mno-abicalls -fno-builtin -Wa,-xgot -Wall -fPIC -I./ -I../ -I../include/ -c printf.c
/OSLAB/compiler/usr/bin/mips_4KC-gcc -mips2 -O -G 0 -mno-abicalls -fno-builtin -Wa,-xgot -Wall -fPIC -I./ -I../ -I../include/ -c env.c
/OSLAB/compiler/usr/bin/mips_4KC-gcc -mips2 -O -G 0 -mno-abicalls -fno-builtin -Wa,-xgot -Wall -fPIC -I./ -I../ -I../include/ -c genex.S
genex.S: Assembler messages:
genex.S:53: Warning: .ent or .aent not in text section.
genex.S:69: Warning: .end not in text section
genex.S:75: Warning: .ent or .aent not in text section.
genex.S:76: Warning: .end not in text section
genex.S:80: Warning: .ent or .aent not in text section.
genex.S:146: Warning: .end not in text section
genex.S:150: Warning: .ent or .aent not in text section.
genex.S:150: Warning: .end not in text section
genex.S:151: Warning: .ent or .aent not in text section.
genex.S:151: Warning: .end not in text section
make[1]: Leaving directory '/usr/src/workdir/lib'
make --directory=mm
make[1]: Entering directory '/usr/src/workdir/mm'
/OSLAB/compiler/usr/bin/mips_4KC-gcc -mips2 -O -G 0 -mno-abicalls -fno-builtin -Wa,-xgot -Wall -fPIC -I./ -I../ -I../include/ -c pmap.c
pmap.c: In function 'boot_map_segment':
pmap.c:150: warning: unused variable 'va_temp'
pmap.c: In function 'page_init':
pmap.c:230: error: 'struct Page' has no member named 'vpn'
pmap.c:236: error: 'struct Page' has no member named 'vpn'
pmap.c: In function 'page_free':
pmap.c:281: error: 'struct Page' has no member named 'vpn'
pmap.c: In function 'pgdir_walk':
pmap.c:315: warning: unused variable 'i'
pmap.c: In function 'page_insert':
pmap.c:380: error: 'struct Page' has no member named 'vpn'
pmap.c:381: error: 'struct Page' has no member named 'vpn'
pmap.c:382: error: 'struct Page' has no member named 'vpn'
pmap.c: In function 'inverted_page_lookup':
pmap.c:418: error: 'struct Page' has no member named 'vpn'
pmap.c:419: error: 'struct Page' has no member named 'vpn'
pmap.c:416: warning: unused variable 'page'
pmap.c: In function 'page_remove':
pmap.c:468: error: 'struct Page' has no member named 'vpn'
pmap.c:469: error: 'struct Page' has no member named 'vpn'
pmap.c:471: error: 'struct Page' has no member named 'vpn'
pmap.c:472: error: 'struct Page' has no member named 'vpn'
pmap.c:472: error: 'struct Page' has no member named 'vpn'
pmap.c: In function 'pageout':
pmap.c:705: warning: unused variable 'i'
make[1]: *** [Makefile:4: pmap.o] Error 1
make[1]: Leaving directory '/usr/src/workdir/mm'
make: *** [Makefile:33: mm] Error 2

End build at Thu Apr 21 16:28:20 CST 2022
[31m[01m[ Other error! ][0m
[33m[01m[ You got 0 (of 100) this time. Thu Apr 21 16:28:20 CST 2022 ][0m
Autotest: End at Thu Apr 21 16:28:20 CST 2022
