Manual Autotest: Begin at 2022年 03月 18日 星期五 22:02:10 CST
[32m[ You have passed testcase 1/10. ][0m
Files /home/git/ostest/target/20231198/lab0-Extra-2022-03-18T22:02:10+08:00-WlmvJ/result.txt and /home/git/ostest/target/20231198/lab0-Extra-2022-03-18T22:02:10+08:00-WlmvJ/result_ans.txt differ
[31m[01m[ You have not passed testcase 2/10. ][0m
Files /home/git/ostest/target/20231198/lab0-Extra-2022-03-18T22:02:10+08:00-WlmvJ/result.txt and /home/git/ostest/target/20231198/lab0-Extra-2022-03-18T22:02:10+08:00-WlmvJ/result_ans.txt differ
[31m[01m[ You have not passed testcase 3/10. ][0m
Files /home/git/ostest/target/20231198/lab0-Extra-2022-03-18T22:02:10+08:00-WlmvJ/result.txt and /home/git/ostest/target/20231198/lab0-Extra-2022-03-18T22:02:10+08:00-WlmvJ/result_ans.txt differ
[31m[01m[ You have not passed testcase 4/10. ][0m
Files /home/git/ostest/target/20231198/lab0-Extra-2022-03-18T22:02:10+08:00-WlmvJ/result.txt and /home/git/ostest/target/20231198/lab0-Extra-2022-03-18T22:02:10+08:00-WlmvJ/result_ans.txt differ
[31m[01m[ You have not passed testcase 5/10. ][0m
Files /home/git/ostest/target/20231198/lab0-Extra-2022-03-18T22:02:10+08:00-WlmvJ/result.txt and /home/git/ostest/target/20231198/lab0-Extra-2022-03-18T22:02:10+08:00-WlmvJ/result_ans.txt differ
[31m[01m[ You have not passed testcase 6/10. ][0m
Files /home/git/ostest/target/20231198/lab0-Extra-2022-03-18T22:02:10+08:00-WlmvJ/result.txt and /home/git/ostest/target/20231198/lab0-Extra-2022-03-18T22:02:10+08:00-WlmvJ/result_ans.txt differ
[31m[01m[ You have not passed testcase 7/10. ][0m
Files /home/git/ostest/target/20231198/lab0-Extra-2022-03-18T22:02:10+08:00-WlmvJ/result.txt and /home/git/ostest/target/20231198/lab0-Extra-2022-03-18T22:02:10+08:00-WlmvJ/result_ans.txt differ
[31m[01m[ You have not passed testcase 8/10. ][0m
Files /home/git/ostest/target/20231198/lab0-Extra-2022-03-18T22:02:10+08:00-WlmvJ/result.txt and /home/git/ostest/target/20231198/lab0-Extra-2022-03-18T22:02:10+08:00-WlmvJ/result_ans.txt differ
[31m[01m[ You have not passed testcase 9/10. ][0m
Files /home/git/ostest/target/20231198/lab0-Extra-2022-03-18T22:02:10+08:00-WlmvJ/result.txt and /home/git/ostest/target/20231198/lab0-Extra-2022-03-18T22:02:10+08:00-WlmvJ/result_ans.txt differ
[31m[01m[ You have not passed testcase 10/10. ][0m
[33m[01m[ You got 10 (of 100) this time. 2022年 03月 18日 星期五 22:02:28 CST ][0m
Autotest: End at 2022年 03月 18日 星期五 22:02:28 CST
