[33m[01m[05m[ You are changing the branch: lab0-Extra ][0m
Autotest: Begin at Thu Mar 17 14:59:55 CST 2022
Files /home/git/ostest/target/20231198/lab0-Extra-2022-03-17T14:59:55+08:00-MJSAk/result.txt and /home/git/ostest/target/20231198/lab0-Extra-2022-03-17T14:59:55+08:00-MJSAk/result_ans.txt differ
[31m[01m[ You have not passed testcase 1/10. ][0m
Files /home/git/ostest/target/20231198/lab0-Extra-2022-03-17T14:59:55+08:00-MJSAk/result.txt and /home/git/ostest/target/20231198/lab0-Extra-2022-03-17T14:59:55+08:00-MJSAk/result_ans.txt differ
[31m[01m[ You have not passed testcase 2/10. ][0m
Files /home/git/ostest/target/20231198/lab0-Extra-2022-03-17T14:59:55+08:00-MJSAk/result.txt and /home/git/ostest/target/20231198/lab0-Extra-2022-03-17T14:59:55+08:00-MJSAk/result_ans.txt differ
[31m[01m[ You have not passed testcase 3/10. ][0m
Files /home/git/ostest/target/20231198/lab0-Extra-2022-03-17T14:59:55+08:00-MJSAk/result.txt and /home/git/ostest/target/20231198/lab0-Extra-2022-03-17T14:59:55+08:00-MJSAk/result_ans.txt differ
[31m[01m[ You have not passed testcase 4/10. ][0m
Files /home/git/ostest/target/20231198/lab0-Extra-2022-03-17T14:59:55+08:00-MJSAk/result.txt and /home/git/ostest/target/20231198/lab0-Extra-2022-03-17T14:59:55+08:00-MJSAk/result_ans.txt differ
[31m[01m[ You have not passed testcase 5/10. ][0m
Files /home/git/ostest/target/20231198/lab0-Extra-2022-03-17T14:59:55+08:00-MJSAk/result.txt and /home/git/ostest/target/20231198/lab0-Extra-2022-03-17T14:59:55+08:00-MJSAk/result_ans.txt differ
[31m[01m[ You have not passed testcase 6/10. ][0m
Files /home/git/ostest/target/20231198/lab0-Extra-2022-03-17T14:59:55+08:00-MJSAk/result.txt and /home/git/ostest/target/20231198/lab0-Extra-2022-03-17T14:59:55+08:00-MJSAk/result_ans.txt differ
[31m[01m[ You have not passed testcase 7/10. ][0m
Files /home/git/ostest/target/20231198/lab0-Extra-2022-03-17T14:59:55+08:00-MJSAk/result.txt and /home/git/ostest/target/20231198/lab0-Extra-2022-03-17T14:59:55+08:00-MJSAk/result_ans.txt differ
[31m[01m[ You have not passed testcase 8/10. ][0m
Files /home/git/ostest/target/20231198/lab0-Extra-2022-03-17T14:59:55+08:00-MJSAk/result.txt and /home/git/ostest/target/20231198/lab0-Extra-2022-03-17T14:59:55+08:00-MJSAk/result_ans.txt differ
[31m[01m[ You have not passed testcase 9/10. ][0m
Files /home/git/ostest/target/20231198/lab0-Extra-2022-03-17T14:59:55+08:00-MJSAk/result.txt and /home/git/ostest/target/20231198/lab0-Extra-2022-03-17T14:59:55+08:00-MJSAk/result_ans.txt differ
[31m[01m[ You have not passed testcase 10/10. ][0m
[33m[01m[ You got 0 (of 100) this time. Thu Mar 17 15:11:01 CST 2022 ][0m
Autotest: End at Thu Mar 17 15:11:01 CST 2022
